<?xml version="1.0" encoding="UTF-8"?>
<!-- Generated by org.testng.reporters.JUnitReportReporter -->
<testsuite hostname="Shri07" failures="0" tests="1" name="ebanking.testCases.TC_LoginTest_001" time="9.723" errors="0" timestamp="2024-03-23T18:22:47 IST" skipped="0">
  <testcase classname="ebanking.testCases.TC_LoginTest_001" name="verifyLogin" time="9.723"/>
</testsuite> <!-- ebanking.testCases.TC_LoginTest_001 -->
