<?xml version="1.0" encoding="UTF-8"?>
<!-- Generated by org.testng.reporters.JUnitReportReporter -->
<testsuite hostname="Shri07" failures="0" tests="1" name="ebanking.testCases.TC_AddNewCustomer_003" time="10.451" errors="0" timestamp="2024-03-23T18:18:45 IST" skipped="0">
  <testcase classname="ebanking.testCases.TC_AddNewCustomer_003" name="addNewCustomer" time="10.451"/>
</testsuite> <!-- ebanking.testCases.TC_AddNewCustomer_003 -->
