<?xml version="1.0" encoding="UTF-8"?>
<!-- Generated by org.testng.reporters.JUnitReportReporter -->
<testsuite hostname="Shri07" failures="0" tests="1" name="ebanking.testCases.TC_LoginTest_001Test" time="6.679" errors="0" timestamp="2024-03-24T18:19:59 IST" skipped="0">
  <testcase classname="ebanking.testCases.TC_LoginTest_001Test" name="verifyLogin" time="6.679"/>
</testsuite> <!-- ebanking.testCases.TC_LoginTest_001Test -->
